[0m[[0m[0mdebug[0m] [0m[0mRunning TaskDef(nanol.TestParser, org.scalatest.tools.Framework$$anon$1@c69197b, false, [SuiteSelector])[0m
[0m[[0m[0mdebug[0m] [0m[0mRunning TaskDef(nanol.TestSize, org.scalatest.tools.Framework$$anon$1@c69197b, false, [SuiteSelector])[0m
[0m[[0m[0minfo[0m] [0m[0m[32mTestSize:[0m[0m
[0m[[0m[0minfo[0m] [0m[0m[32m- size works for atom[0m[0m
[0m[[0m[0minfo[0m] [0m[0m[31m- size works for simple list *** FAILED ***[0m[0m
[0m[[0m[0minfo[0m] [0m[0m[31m  scala.MatchError: NanoList(ArraySeq(NanoAtom(hello), NanoAtom(world))) (of class nanol.NanoElement$NanoList)[0m[0m
[0m[[0m[0minfo[0m] [0m[0m[31m  at nanol.size$.apply(size.scala:12)[0m[0m
[0m[[0m[0minfo[0m] [0m[0m[31m  at nanol.TestSize.testFun$proxy2$1(TestSize.scala:14)[0m[0m
[0m[[0m[0minfo[0m] [0m[0m[31m  at nanol.TestSize.$init$$$anonfun$2(TestSize.scala:13)[0m[0m
[0m[[0m[0minfo[0m] [0m[0m[31m  at org.scalatest.Transformer.apply$$anonfun$1(Transformer.scala:22)[0m[0m
[0m[[0m[0minfo[0m] [0m[0m[31m  at org.scalatest.OutcomeOf.outcomeOf(OutcomeOf.scala:85)[0m[0m
[0m[[0m[0minfo[0m] [0m[0m[31m  at org.scalatest.OutcomeOf.outcomeOf$(OutcomeOf.scala:31)[0m[0m
[0m[[0m[0minfo[0m] [0m[0m[31m  at org.scalatest.OutcomeOf$.outcomeOf(OutcomeOf.scala:104)[0m[0m
[0m[[0m[0minfo[0m] [0m[0m[31m  at org.scalatest.Transformer.apply(Transformer.scala:22)[0m[0m
[0m[[0m[0minfo[0m] [0m[0m[31m  at org.scalatest.Transformer.apply(Transformer.scala:21)[0m[0m
[0m[[0m[0minfo[0m] [0m[0m[31m  at org.scalatest.funsuite.AnyFunSuiteLike$$anon$1.apply(AnyFunSuiteLike.scala:206)[0m[0m
[0m[[0m[0minfo[0m] [0m[0m[31m  ...[0m[0m
[0m[[0m[0minfo[0m] [0m[0m[31m- size works for complex list *** FAILED ***[0m[0m
[0m[[0m[0minfo[0m] [0m[0m[31m  scala.MatchError: NanoList(ArraySeq(NanoList(ArraySeq(NanoAtom(hello), NanoAtom(world))), NanoList(ArraySeq(NanoAtom(what), NanoAtom(up))))) (of class nanol.NanoElement$NanoList)[0m[0m
[0m[[0m[0minfo[0m] [0m[0m[31m  at nanol.size$.apply(size.scala:12)[0m[0m
[0m[[0m[0minfo[0m] [0m[0m[31m  at nanol.TestSize.testFun$proxy3$1(TestSize.scala:19)[0m[0m
[0m[[0m[0minfo[0m] [0m[0m[31m  at nanol.TestSize.$init$$$anonfun$3(TestSize.scala:18)[0m[0m
[0m[[0m[0minfo[0m] [0m[0m[31m  at org.scalatest.Transformer.apply$$anonfun$1(Transformer.scala:22)[0m[0m
[0m[[0m[0minfo[0m] [0m[0m[31m  at org.scalatest.OutcomeOf.outcomeOf(OutcomeOf.scala:85)[0m[0m
[0m[[0m[0minfo[0m] [0m[0m[31m  at org.scalatest.OutcomeOf.outcomeOf$(OutcomeOf.scala:31)[0m[0m
[0m[[0m[0minfo[0m] [0m[0m[31m  at org.scalatest.OutcomeOf$.outcomeOf(OutcomeOf.scala:104)[0m[0m
[0m[[0m[0minfo[0m] [0m[0m[31m  at org.scalatest.Transformer.apply(Transformer.scala:22)[0m[0m
[0m[[0m[0minfo[0m] [0m[0m[31m  at org.scalatest.Transformer.apply(Transformer.scala:21)[0m[0m
[0m[[0m[0minfo[0m] [0m[0m[31m  at org.scalatest.funsuite.AnyFunSuiteLike$$anon$1.apply(AnyFunSuiteLike.scala:206)[0m[0m
[0m[[0m[0minfo[0m] [0m[0m[31m  ...[0m[0m
[0m[[0m[0minfo[0m] [0m[0m[32mTestParser:[0m[0m
[0m[[0m[0minfo[0m] [0m[0m[32m- parser works for (hello (world what ()) (up))[0m[0m
[0m[[0m[0minfo[0m] [0m[0m[32m- parser works for (hello world what up)[0m[0m
[0m[[0m[0minfo[0m] [0m[0m[32m- parser works for (hello)[0m[0m
[0m[[0m[0minfo[0m] [0m[0m[32m- parser works for the empty string[0m[0m
[0m[[0m[0minfo[0m] [0m[0m[32m- parser works for ( ( ( ) ) ( ) )[0m[0m
[0m[[0m[0minfo[0m] [0m[0m[32m- parser works for ("hello" "world" "what" "up")[0m[0m
[0m[[0m[0minfo[0m] [0m[0m[32m- parser works for ( ( ) ) ( ) )[0m[0m
[0m[[0m[0minfo[0m] [0m[0m[32m- parser works for hello[0m[0m
[0m[[0m[0minfo[0m] [0m[0m[32m- parser works for ( ( hello world ) ( what up ) )[0m[0m
[0m[[0m[0minfo[0m] [0m[0m[36mRun completed in 406 milliseconds.[0m[0m
[0m[[0m[0minfo[0m] [0m[0m[36mTotal number of tests run: 12[0m[0m
[0m[[0m[0minfo[0m] [0m[0m[36mSuites: completed 2, aborted 0[0m[0m
[0m[[0m[0minfo[0m] [0m[0m[36mTests: succeeded 10, failed 2, canceled 0, ignored 0, pending 0[0m[0m
[0m[[0m[0minfo[0m] [0m[0m[31m*** 2 TESTS FAILED ***[0m[0m
[0m[[0m[0mdebug[0m] [0m[0mPassed tests:[0m
[0m[[0m[0mdebug[0m] [0m[0m	nanol.TestParser[0m
[0m[[0m[31merror[0m] [0m[0mFailed tests:[0m
[0m[[0m[31merror[0m] [0m[0m	nanol.TestSize[0m
[0m[[0m[31merror[0m] [0m[0m(Test / [31mtest[0m) sbt.TestsFailedException: Tests unsuccessful[0m
