<?xml version='1.0' encoding='UTF-8'?>
<testsuite hostname="arch" name="nanol.TestParser" tests="9" errors="0" failures="0" skipped="0" time="0.072" timestamp="2022-11-20T23:04:39">
          <properties>
[...]
</properties>
          <testcase classname="nanol.TestParser" name="parser works for (hello (world what ()) (up))" time="0.059">
                      
                    </testcase><testcase classname="nanol.TestParser" name="parser works for (hello world what up)" time="0.002">
                      
                    </testcase><testcase classname="nanol.TestParser" name="parser works for (hello)" time="0.001">
                      
                    </testcase><testcase classname="nanol.TestParser" name="parser works for the empty string" time="0.002">
                      
                    </testcase><testcase classname="nanol.TestParser" name="parser works for ( ( ( ) ) ( ) )" time="0.002">
                      
                    </testcase><testcase classname="nanol.TestParser" name="parser works for (&quot;hello&quot; &quot;world&quot; &quot;what&quot; &quot;up&quot;)" time="0.002">
                      
                    </testcase><testcase classname="nanol.TestParser" name="parser works for ( ( ) ) ( ) )" time="0.002">
                      
                    </testcase><testcase classname="nanol.TestParser" name="parser works for hello" time="0.001">
                      
                    </testcase><testcase classname="nanol.TestParser" name="parser works for ( ( hello world ) ( what up ) )" time="0.001">
                      
                    </testcase>
          <system-out><![CDATA[]]></system-out>
          <system-err><![CDATA[]]></system-err>
        </testsuite>